{
  "stats": {
    "suites": 4,
    "tests": 4,
    "passes": 3,
    "pending": 0,
    "failures": 1,
    "start": "2017-08-10T08:26:39.540Z",
    "end": "2017-08-10T08:26:39.653Z",
    "duration": 113,
    "testsRegistered": 4,
    "passPercent": 75,
    "pendingPercent": 0,
    "other": 0,
    "hasOther": false,
    "skipped": 0,
    "hasSkipped": false,
    "passPercentClass": "warning",
    "pendingPercentClass": "danger"
  },
  "suites": {
    "title": "",
    "suites": [
      {
        "title": "Login Page render test",
        "suites": [],
        "tests": [
          {
            "title": "renders successfully",
            "fullTitle": "Login Page render test renders successfully",
            "timedOut": false,
            "duration": 51,
            "state": "passed",
            "speed": "medium",
            "pass": true,
            "fail": false,
            "pending": false,
            "code": "request(app).get('/').expect(200, done);",
            "err": {},
            "isRoot": false,
            "uuid": "f87ab476-f74d-4473-a7e6-14243968f6fd",
            "parentUUID": "2930d94a-9118-402d-b8ef-5b7a7a7d5a40",
            "isHook": false,
            "skipped": false
          }
        ],
        "pending": [],
        "root": false,
        "_timeout": 2000,
        "file": "\\test\\index.test.js",
        "uuid": "2930d94a-9118-402d-b8ef-5b7a7a7d5a40",
        "beforeHooks": [],
        "afterHooks": [],
        "fullFile": "C:\\Users\\Seonin David\\Documents\\University\\2017\\First Semester\\COS 301\\Final Project\\Back-End\\test\\index.test.js",
        "passes": [
          {
            "title": "renders successfully",
            "fullTitle": "Login Page render test renders successfully",
            "timedOut": false,
            "duration": 51,
            "state": "passed",
            "speed": "medium",
            "pass": true,
            "fail": false,
            "pending": false,
            "code": "request(app).get('/').expect(200, done);",
            "err": {},
            "isRoot": false,
            "uuid": "f87ab476-f74d-4473-a7e6-14243968f6fd",
            "parentUUID": "2930d94a-9118-402d-b8ef-5b7a7a7d5a40",
            "isHook": false,
            "skipped": false
          }
        ],
        "failures": [],
        "skipped": [],
        "hasBeforeHooks": false,
        "hasAfterHooks": false,
        "hasTests": true,
        "hasSuites": false,
        "totalTests": 1,
        "totalPasses": 1,
        "totalFailures": 0,
        "totalPending": 0,
        "totalSkipped": 0,
        "hasPasses": true,
        "hasFailures": false,
        "hasPending": false,
        "hasSkipped": false,
        "duration": 51,
        "rootEmpty": false
      },
      {
        "title": "Login Test",
        "suites": [],
        "tests": [
          {
            "title": "Should pass if the data is an object and not empty and renders login page",
            "fullTitle": "Login Test Should pass if the data is an object and not empty and renders login page",
            "timedOut": false,
            "duration": 34,
            "state": "passed",
            "speed": "fast",
            "pass": true,
            "fail": false,
            "pending": false,
            "code": "request(app)\n    .get('/')\n    .set('Accept', 'application/json')\n    .set('Content-Type', 'application/json')\n    .send({ username: 'Seonin', password: 'Seonin' })\n    .expect(200)\n    .end(done);",
            "err": {},
            "isRoot": false,
            "uuid": "000c0f4a-3778-4f5b-8fcb-283d6a0386a4",
            "parentUUID": "c55a5d9c-133a-44a2-96b3-7e380b1d79f8",
            "isHook": false,
            "skipped": false
          }
        ],
        "pending": [],
        "root": false,
        "_timeout": 2000,
        "file": "\\test\\index.test.js",
        "uuid": "c55a5d9c-133a-44a2-96b3-7e380b1d79f8",
        "beforeHooks": [],
        "afterHooks": [],
        "fullFile": "C:\\Users\\Seonin David\\Documents\\University\\2017\\First Semester\\COS 301\\Final Project\\Back-End\\test\\index.test.js",
        "passes": [
          {
            "title": "Should pass if the data is an object and not empty and renders login page",
            "fullTitle": "Login Test Should pass if the data is an object and not empty and renders login page",
            "timedOut": false,
            "duration": 34,
            "state": "passed",
            "speed": "fast",
            "pass": true,
            "fail": false,
            "pending": false,
            "code": "request(app)\n    .get('/')\n    .set('Accept', 'application/json')\n    .set('Content-Type', 'application/json')\n    .send({ username: 'Seonin', password: 'Seonin' })\n    .expect(200)\n    .end(done);",
            "err": {},
            "isRoot": false,
            "uuid": "000c0f4a-3778-4f5b-8fcb-283d6a0386a4",
            "parentUUID": "c55a5d9c-133a-44a2-96b3-7e380b1d79f8",
            "isHook": false,
            "skipped": false
          }
        ],
        "failures": [],
        "skipped": [],
        "hasBeforeHooks": false,
        "hasAfterHooks": false,
        "hasTests": true,
        "hasSuites": false,
        "totalTests": 1,
        "totalPasses": 1,
        "totalFailures": 0,
        "totalPending": 0,
        "totalSkipped": 0,
        "hasPasses": true,
        "hasFailures": false,
        "hasPending": false,
        "hasSkipped": false,
        "duration": 34,
        "rootEmpty": false
      },
      {
        "title": "Page not found ",
        "suites": [],
        "tests": [
          {
            "title": "Cannot find route",
            "fullTitle": "Page not found  Cannot find route",
            "timedOut": false,
            "duration": 9,
            "state": "failed",
            "pass": false,
            "fail": true,
            "pending": false,
            "code": "request(app).get('/unknown_page').expect(404, done);",
            "err": {
              "message": "Error: expected 404 \"Not Found\", got 200 \"OK\"",
              "estack": "Error: expected 404 \"Not Found\", got 200 \"OK\"\n    at Test._assertStatus (node_modules\\supertest\\lib\\test.js:266:12)\n    at Test._assertFunction (node_modules\\supertest\\lib\\test.js:281:11)\n    at Test.assert (node_modules\\supertest\\lib\\test.js:171:18)\n    at Server.assert (node_modules\\supertest\\lib\\test.js:131:12)\n    at emitCloseNT (net.js:1555:8)\n    at _combinedTickCallback (internal/process/next_tick.js:71:11)\n    at process._tickCallback (internal/process/next_tick.js:98:9)"
            },
            "isRoot": false,
            "uuid": "fb6af3f9-5193-49fa-a55f-9590cd9bca48",
            "parentUUID": "b2a4f9c0-76b3-44d9-96b8-100615c17f86",
            "isHook": false,
            "skipped": false
          }
        ],
        "pending": [],
        "root": false,
        "_timeout": 2000,
        "file": "\\test\\index.test.js",
        "uuid": "b2a4f9c0-76b3-44d9-96b8-100615c17f86",
        "beforeHooks": [],
        "afterHooks": [],
        "fullFile": "C:\\Users\\Seonin David\\Documents\\University\\2017\\First Semester\\COS 301\\Final Project\\Back-End\\test\\index.test.js",
        "passes": [],
        "failures": [
          {
            "title": "Cannot find route",
            "fullTitle": "Page not found  Cannot find route",
            "timedOut": false,
            "duration": 9,
            "state": "failed",
            "pass": false,
            "fail": true,
            "pending": false,
            "code": "request(app).get('/unknown_page').expect(404, done);",
            "err": {
              "message": "Error: expected 404 \"Not Found\", got 200 \"OK\"",
              "estack": "Error: expected 404 \"Not Found\", got 200 \"OK\"\n    at Test._assertStatus (node_modules\\supertest\\lib\\test.js:266:12)\n    at Test._assertFunction (node_modules\\supertest\\lib\\test.js:281:11)\n    at Test.assert (node_modules\\supertest\\lib\\test.js:171:18)\n    at Server.assert (node_modules\\supertest\\lib\\test.js:131:12)\n    at emitCloseNT (net.js:1555:8)\n    at _combinedTickCallback (internal/process/next_tick.js:71:11)\n    at process._tickCallback (internal/process/next_tick.js:98:9)"
            },
            "isRoot": false,
            "uuid": "fb6af3f9-5193-49fa-a55f-9590cd9bca48",
            "parentUUID": "b2a4f9c0-76b3-44d9-96b8-100615c17f86",
            "isHook": false,
            "skipped": false
          }
        ],
        "skipped": [],
        "hasBeforeHooks": false,
        "hasAfterHooks": false,
        "hasTests": true,
        "hasSuites": false,
        "totalTests": 1,
        "totalPasses": 0,
        "totalFailures": 1,
        "totalPending": 0,
        "totalSkipped": 0,
        "hasPasses": false,
        "hasFailures": true,
        "hasPending": false,
        "hasSkipped": false,
        "duration": 9,
        "rootEmpty": false
      },
      {
        "title": "Page not found error",
        "suites": [],
        "tests": [
          {
            "title": "Will route to error page",
            "fullTitle": "Page not found error Will route to error page",
            "timedOut": false,
            "duration": 6,
            "state": "passed",
            "speed": "fast",
            "pass": true,
            "fail": false,
            "pending": false,
            "code": "request(app).get('/unknown_page').expect(200, done);",
            "err": {},
            "isRoot": false,
            "uuid": "c885dfd0-4289-4eb4-bc8b-741d24fff939",
            "parentUUID": "f5eab26b-bf51-4747-8d1e-c94e1e79fb72",
            "isHook": false,
            "skipped": false
          }
        ],
        "pending": [],
        "root": false,
        "_timeout": 2000,
        "file": "\\test\\index.test.js",
        "uuid": "f5eab26b-bf51-4747-8d1e-c94e1e79fb72",
        "beforeHooks": [],
        "afterHooks": [],
        "fullFile": "C:\\Users\\Seonin David\\Documents\\University\\2017\\First Semester\\COS 301\\Final Project\\Back-End\\test\\index.test.js",
        "passes": [
          {
            "title": "Will route to error page",
            "fullTitle": "Page not found error Will route to error page",
            "timedOut": false,
            "duration": 6,
            "state": "passed",
            "speed": "fast",
            "pass": true,
            "fail": false,
            "pending": false,
            "code": "request(app).get('/unknown_page').expect(200, done);",
            "err": {},
            "isRoot": false,
            "uuid": "c885dfd0-4289-4eb4-bc8b-741d24fff939",
            "parentUUID": "f5eab26b-bf51-4747-8d1e-c94e1e79fb72",
            "isHook": false,
            "skipped": false
          }
        ],
        "failures": [],
        "skipped": [],
        "hasBeforeHooks": false,
        "hasAfterHooks": false,
        "hasTests": true,
        "hasSuites": false,
        "totalTests": 1,
        "totalPasses": 1,
        "totalFailures": 0,
        "totalPending": 0,
        "totalSkipped": 0,
        "hasPasses": true,
        "hasFailures": false,
        "hasPending": false,
        "hasSkipped": false,
        "duration": 6,
        "rootEmpty": false
      }
    ],
    "tests": [],
    "pending": [],
    "root": true,
    "_timeout": 2000,
    "uuid": "d85bef46-74ad-469c-a1c0-1f85a055a7ef",
    "beforeHooks": [],
    "afterHooks": [],
    "fullFile": "",
    "file": "",
    "passes": [],
    "failures": [],
    "skipped": [],
    "hasBeforeHooks": false,
    "hasAfterHooks": false,
    "hasTests": false,
    "hasSuites": true,
    "totalTests": 0,
    "totalPasses": 0,
    "totalFailures": 0,
    "totalPending": 0,
    "totalSkipped": 0,
    "hasPasses": false,
    "hasFailures": false,
    "hasPending": false,
    "hasSkipped": false,
    "duration": 0,
    "rootEmpty": true
  },
  "allTests": [
    {
      "title": "renders successfully",
      "fullTitle": "Login Page render test renders successfully",
      "timedOut": false,
      "duration": 51,
      "state": "passed",
      "speed": "medium",
      "pass": true,
      "fail": false,
      "pending": false,
      "code": "request(app).get('/').expect(200, done);",
      "err": {},
      "isRoot": false,
      "uuid": "f87ab476-f74d-4473-a7e6-14243968f6fd",
      "parentUUID": "2930d94a-9118-402d-b8ef-5b7a7a7d5a40",
      "isHook": false,
      "skipped": false
    },
    {
      "title": "Should pass if the data is an object and not empty and renders login page",
      "fullTitle": "Login Test Should pass if the data is an object and not empty and renders login page",
      "timedOut": false,
      "duration": 34,
      "state": "passed",
      "speed": "fast",
      "pass": true,
      "fail": false,
      "pending": false,
      "code": "request(app)\n    .get('/')\n    .set('Accept', 'application/json')\n    .set('Content-Type', 'application/json')\n    .send({ username: 'Seonin', password: 'Seonin' })\n    .expect(200)\n    .end(done);",
      "err": {},
      "isRoot": false,
      "uuid": "000c0f4a-3778-4f5b-8fcb-283d6a0386a4",
      "parentUUID": "c55a5d9c-133a-44a2-96b3-7e380b1d79f8",
      "isHook": false,
      "skipped": false
    },
    {
      "title": "Cannot find route",
      "fullTitle": "Page not found  Cannot find route",
      "timedOut": false,
      "duration": 9,
      "state": "failed",
      "pass": false,
      "fail": true,
      "pending": false,
      "code": "request(app).get('/unknown_page').expect(404, done);",
      "err": {
        "message": "Error: expected 404 \"Not Found\", got 200 \"OK\"",
        "estack": "Error: expected 404 \"Not Found\", got 200 \"OK\"\n    at Test._assertStatus (node_modules\\supertest\\lib\\test.js:266:12)\n    at Test._assertFunction (node_modules\\supertest\\lib\\test.js:281:11)\n    at Test.assert (node_modules\\supertest\\lib\\test.js:171:18)\n    at Server.assert (node_modules\\supertest\\lib\\test.js:131:12)\n    at emitCloseNT (net.js:1555:8)\n    at _combinedTickCallback (internal/process/next_tick.js:71:11)\n    at process._tickCallback (internal/process/next_tick.js:98:9)"
      },
      "isRoot": false,
      "uuid": "fb6af3f9-5193-49fa-a55f-9590cd9bca48",
      "parentUUID": "b2a4f9c0-76b3-44d9-96b8-100615c17f86",
      "isHook": false,
      "skipped": false
    },
    {
      "title": "Will route to error page",
      "fullTitle": "Page not found error Will route to error page",
      "timedOut": false,
      "duration": 6,
      "state": "passed",
      "speed": "fast",
      "pass": true,
      "fail": false,
      "pending": false,
      "code": "request(app).get('/unknown_page').expect(200, done);",
      "err": {},
      "isRoot": false,
      "uuid": "c885dfd0-4289-4eb4-bc8b-741d24fff939",
      "parentUUID": "f5eab26b-bf51-4747-8d1e-c94e1e79fb72",
      "isHook": false,
      "skipped": false
    }
  ],
  "allPending": [],
  "allPasses": [
    {
      "title": "renders successfully",
      "fullTitle": "Login Page render test renders successfully",
      "timedOut": false,
      "duration": 51,
      "state": "passed",
      "speed": "medium",
      "pass": true,
      "fail": false,
      "pending": false,
      "code": "request(app).get('/').expect(200, done);",
      "err": {},
      "isRoot": false,
      "uuid": "f87ab476-f74d-4473-a7e6-14243968f6fd",
      "parentUUID": "2930d94a-9118-402d-b8ef-5b7a7a7d5a40",
      "isHook": false,
      "skipped": false
    },
    {
      "title": "Should pass if the data is an object and not empty and renders login page",
      "fullTitle": "Login Test Should pass if the data is an object and not empty and renders login page",
      "timedOut": false,
      "duration": 34,
      "state": "passed",
      "speed": "fast",
      "pass": true,
      "fail": false,
      "pending": false,
      "code": "request(app)\n    .get('/')\n    .set('Accept', 'application/json')\n    .set('Content-Type', 'application/json')\n    .send({ username: 'Seonin', password: 'Seonin' })\n    .expect(200)\n    .end(done);",
      "err": {},
      "isRoot": false,
      "uuid": "000c0f4a-3778-4f5b-8fcb-283d6a0386a4",
      "parentUUID": "c55a5d9c-133a-44a2-96b3-7e380b1d79f8",
      "isHook": false,
      "skipped": false
    },
    {
      "title": "Will route to error page",
      "fullTitle": "Page not found error Will route to error page",
      "timedOut": false,
      "duration": 6,
      "state": "passed",
      "speed": "fast",
      "pass": true,
      "fail": false,
      "pending": false,
      "code": "request(app).get('/unknown_page').expect(200, done);",
      "err": {},
      "isRoot": false,
      "uuid": "c885dfd0-4289-4eb4-bc8b-741d24fff939",
      "parentUUID": "f5eab26b-bf51-4747-8d1e-c94e1e79fb72",
      "isHook": false,
      "skipped": false
    }
  ],
  "allFailures": [
    {
      "title": "Cannot find route",
      "fullTitle": "Page not found  Cannot find route",
      "timedOut": false,
      "duration": 9,
      "state": "failed",
      "pass": false,
      "fail": true,
      "pending": false,
      "code": "request(app).get('/unknown_page').expect(404, done);",
      "err": {
        "message": "Error: expected 404 \"Not Found\", got 200 \"OK\"",
        "estack": "Error: expected 404 \"Not Found\", got 200 \"OK\"\n    at Test._assertStatus (node_modules\\supertest\\lib\\test.js:266:12)\n    at Test._assertFunction (node_modules\\supertest\\lib\\test.js:281:11)\n    at Test.assert (node_modules\\supertest\\lib\\test.js:171:18)\n    at Server.assert (node_modules\\supertest\\lib\\test.js:131:12)\n    at emitCloseNT (net.js:1555:8)\n    at _combinedTickCallback (internal/process/next_tick.js:71:11)\n    at process._tickCallback (internal/process/next_tick.js:98:9)"
      },
      "isRoot": false,
      "uuid": "fb6af3f9-5193-49fa-a55f-9590cd9bca48",
      "parentUUID": "b2a4f9c0-76b3-44d9-96b8-100615c17f86",
      "isHook": false,
      "skipped": false
    }
  ],
  "copyrightYear": 2017
}