{
  "stats": {
    "suites": 3,
    "tests": 3,
    "passes": 3,
    "pending": 0,
    "failures": 0,
    "start": "2017-07-13T21:29:12.205Z",
    "end": "2017-07-13T21:29:12.317Z",
    "duration": 112,
    "testsRegistered": 3,
    "passPercent": 100,
    "pendingPercent": 0,
    "other": 0,
    "hasOther": false,
    "skipped": 0,
    "hasSkipped": false,
    "passPercentClass": "success",
    "pendingPercentClass": "danger"
  },
  "suites": {
    "title": "",
    "suites": [
      {
        "title": "Login Page: Checks if the login page renders successfully",
        "suites": [],
        "tests": [
          {
            "title": "renders successfully",
            "fullTitle": "Login Page: Checks if the login page renders successfully renders successfully",
            "timedOut": false,
            "duration": 54,
            "state": "passed",
            "speed": "medium",
            "pass": true,
            "fail": false,
            "pending": false,
            "code": "request(app).get('/').expect(200, done);",
            "err": {},
            "isRoot": false,
            "uuid": "da05ab36-3458-4a70-9453-d10681c98fc3",
            "parentUUID": "f6249b70-0c43-492b-9e16-45b313ec6750",
            "isHook": false,
            "skipped": false
          }
        ],
        "pending": [],
        "root": false,
        "_timeout": 2000,
        "file": "\\test\\index.test.js",
        "uuid": "f6249b70-0c43-492b-9e16-45b313ec6750",
        "beforeHooks": [],
        "afterHooks": [],
        "fullFile": "C:\\Users\\Seonin David\\Documents\\University\\2017\\First Semester\\COS 301\\Final Project\\Back-End\\test\\index.test.js",
        "passes": [
          {
            "title": "renders successfully",
            "fullTitle": "Login Page: Checks if the login page renders successfully renders successfully",
            "timedOut": false,
            "duration": 54,
            "state": "passed",
            "speed": "medium",
            "pass": true,
            "fail": false,
            "pending": false,
            "code": "request(app).get('/').expect(200, done);",
            "err": {},
            "isRoot": false,
            "uuid": "da05ab36-3458-4a70-9453-d10681c98fc3",
            "parentUUID": "f6249b70-0c43-492b-9e16-45b313ec6750",
            "isHook": false,
            "skipped": false
          }
        ],
        "failures": [],
        "skipped": [],
        "hasBeforeHooks": false,
        "hasAfterHooks": false,
        "hasTests": true,
        "hasSuites": false,
        "totalTests": 1,
        "totalPasses": 1,
        "totalFailures": 0,
        "totalPending": 0,
        "totalSkipped": 0,
        "hasPasses": true,
        "hasFailures": false,
        "hasPending": false,
        "hasSkipped": false,
        "duration": 54,
        "rootEmpty": false
      },
      {
        "title": "Login Test: Sending JSON string to login page",
        "suites": [],
        "tests": [
          {
            "title": "data is valid and not empty",
            "fullTitle": "Login Test: Sending JSON string to login page data is valid and not empty",
            "timedOut": false,
            "duration": 35,
            "state": "passed",
            "speed": "fast",
            "pass": true,
            "fail": false,
            "pending": false,
            "code": "request(app)\n    .post('/dashboard')\n    .set('Accept', 'application/json')\n    .set('Content-Type', 'application/json')\n    .send({ username: 'Seonin', password: 'Seonin' })\n    .expect(200)\n    .end(done);",
            "err": {},
            "isRoot": false,
            "uuid": "0e2547d2-34e0-40ca-b6ac-f137981279ec",
            "parentUUID": "562333c9-1d69-4f8b-a92e-0fc4a7611e83",
            "isHook": false,
            "skipped": false
          }
        ],
        "pending": [],
        "root": false,
        "_timeout": 2000,
        "file": "\\test\\index.test.js",
        "uuid": "562333c9-1d69-4f8b-a92e-0fc4a7611e83",
        "beforeHooks": [],
        "afterHooks": [],
        "fullFile": "C:\\Users\\Seonin David\\Documents\\University\\2017\\First Semester\\COS 301\\Final Project\\Back-End\\test\\index.test.js",
        "passes": [
          {
            "title": "data is valid and not empty",
            "fullTitle": "Login Test: Sending JSON string to login page data is valid and not empty",
            "timedOut": false,
            "duration": 35,
            "state": "passed",
            "speed": "fast",
            "pass": true,
            "fail": false,
            "pending": false,
            "code": "request(app)\n    .post('/dashboard')\n    .set('Accept', 'application/json')\n    .set('Content-Type', 'application/json')\n    .send({ username: 'Seonin', password: 'Seonin' })\n    .expect(200)\n    .end(done);",
            "err": {},
            "isRoot": false,
            "uuid": "0e2547d2-34e0-40ca-b6ac-f137981279ec",
            "parentUUID": "562333c9-1d69-4f8b-a92e-0fc4a7611e83",
            "isHook": false,
            "skipped": false
          }
        ],
        "failures": [],
        "skipped": [],
        "hasBeforeHooks": false,
        "hasAfterHooks": false,
        "hasTests": true,
        "hasSuites": false,
        "totalTests": 1,
        "totalPasses": 1,
        "totalFailures": 0,
        "totalPending": 0,
        "totalSkipped": 0,
        "hasPasses": true,
        "hasFailures": false,
        "hasPending": false,
        "hasSkipped": false,
        "duration": 35,
        "rootEmpty": false
      },
      {
        "title": "Page not found error",
        "suites": [],
        "tests": [
          {
            "title": "Will route to error page",
            "fullTitle": "Page not found error Will route to error page",
            "timedOut": false,
            "duration": 8,
            "state": "passed",
            "speed": "fast",
            "pass": true,
            "fail": false,
            "pending": false,
            "code": "request(app).get('/unknown_page').expect(200, done);",
            "err": {},
            "isRoot": false,
            "uuid": "f013a497-74a9-4918-b200-759e3db4cf10",
            "parentUUID": "a9518b58-d0b5-45ad-bacc-03328739416f",
            "isHook": false,
            "skipped": false
          }
        ],
        "pending": [],
        "root": false,
        "_timeout": 2000,
        "file": "\\test\\index.test.js",
        "uuid": "a9518b58-d0b5-45ad-bacc-03328739416f",
        "beforeHooks": [],
        "afterHooks": [],
        "fullFile": "C:\\Users\\Seonin David\\Documents\\University\\2017\\First Semester\\COS 301\\Final Project\\Back-End\\test\\index.test.js",
        "passes": [
          {
            "title": "Will route to error page",
            "fullTitle": "Page not found error Will route to error page",
            "timedOut": false,
            "duration": 8,
            "state": "passed",
            "speed": "fast",
            "pass": true,
            "fail": false,
            "pending": false,
            "code": "request(app).get('/unknown_page').expect(200, done);",
            "err": {},
            "isRoot": false,
            "uuid": "f013a497-74a9-4918-b200-759e3db4cf10",
            "parentUUID": "a9518b58-d0b5-45ad-bacc-03328739416f",
            "isHook": false,
            "skipped": false
          }
        ],
        "failures": [],
        "skipped": [],
        "hasBeforeHooks": false,
        "hasAfterHooks": false,
        "hasTests": true,
        "hasSuites": false,
        "totalTests": 1,
        "totalPasses": 1,
        "totalFailures": 0,
        "totalPending": 0,
        "totalSkipped": 0,
        "hasPasses": true,
        "hasFailures": false,
        "hasPending": false,
        "hasSkipped": false,
        "duration": 8,
        "rootEmpty": false
      }
    ],
    "tests": [],
    "pending": [],
    "root": true,
    "_timeout": 2000,
    "uuid": "559ec555-3678-433a-b461-56756f7508d9",
    "beforeHooks": [],
    "afterHooks": [],
    "fullFile": "",
    "file": "",
    "passes": [],
    "failures": [],
    "skipped": [],
    "hasBeforeHooks": false,
    "hasAfterHooks": false,
    "hasTests": false,
    "hasSuites": true,
    "totalTests": 0,
    "totalPasses": 0,
    "totalFailures": 0,
    "totalPending": 0,
    "totalSkipped": 0,
    "hasPasses": false,
    "hasFailures": false,
    "hasPending": false,
    "hasSkipped": false,
    "duration": 0,
    "rootEmpty": true
  },
  "allTests": [
    {
      "title": "renders successfully",
      "fullTitle": "Login Page: Checks if the login page renders successfully renders successfully",
      "timedOut": false,
      "duration": 54,
      "state": "passed",
      "speed": "medium",
      "pass": true,
      "fail": false,
      "pending": false,
      "code": "request(app).get('/').expect(200, done);",
      "err": {},
      "isRoot": false,
      "uuid": "da05ab36-3458-4a70-9453-d10681c98fc3",
      "parentUUID": "f6249b70-0c43-492b-9e16-45b313ec6750",
      "isHook": false,
      "skipped": false
    },
    {
      "title": "data is valid and not empty",
      "fullTitle": "Login Test: Sending JSON string to login page data is valid and not empty",
      "timedOut": false,
      "duration": 35,
      "state": "passed",
      "speed": "fast",
      "pass": true,
      "fail": false,
      "pending": false,
      "code": "request(app)\n    .post('/dashboard')\n    .set('Accept', 'application/json')\n    .set('Content-Type', 'application/json')\n    .send({ username: 'Seonin', password: 'Seonin' })\n    .expect(200)\n    .end(done);",
      "err": {},
      "isRoot": false,
      "uuid": "0e2547d2-34e0-40ca-b6ac-f137981279ec",
      "parentUUID": "562333c9-1d69-4f8b-a92e-0fc4a7611e83",
      "isHook": false,
      "skipped": false
    },
    {
      "title": "Will route to error page",
      "fullTitle": "Page not found error Will route to error page",
      "timedOut": false,
      "duration": 8,
      "state": "passed",
      "speed": "fast",
      "pass": true,
      "fail": false,
      "pending": false,
      "code": "request(app).get('/unknown_page').expect(200, done);",
      "err": {},
      "isRoot": false,
      "uuid": "f013a497-74a9-4918-b200-759e3db4cf10",
      "parentUUID": "a9518b58-d0b5-45ad-bacc-03328739416f",
      "isHook": false,
      "skipped": false
    }
  ],
  "allPending": [],
  "allPasses": [
    {
      "title": "renders successfully",
      "fullTitle": "Login Page: Checks if the login page renders successfully renders successfully",
      "timedOut": false,
      "duration": 54,
      "state": "passed",
      "speed": "medium",
      "pass": true,
      "fail": false,
      "pending": false,
      "code": "request(app).get('/').expect(200, done);",
      "err": {},
      "isRoot": false,
      "uuid": "da05ab36-3458-4a70-9453-d10681c98fc3",
      "parentUUID": "f6249b70-0c43-492b-9e16-45b313ec6750",
      "isHook": false,
      "skipped": false
    },
    {
      "title": "data is valid and not empty",
      "fullTitle": "Login Test: Sending JSON string to login page data is valid and not empty",
      "timedOut": false,
      "duration": 35,
      "state": "passed",
      "speed": "fast",
      "pass": true,
      "fail": false,
      "pending": false,
      "code": "request(app)\n    .post('/dashboard')\n    .set('Accept', 'application/json')\n    .set('Content-Type', 'application/json')\n    .send({ username: 'Seonin', password: 'Seonin' })\n    .expect(200)\n    .end(done);",
      "err": {},
      "isRoot": false,
      "uuid": "0e2547d2-34e0-40ca-b6ac-f137981279ec",
      "parentUUID": "562333c9-1d69-4f8b-a92e-0fc4a7611e83",
      "isHook": false,
      "skipped": false
    },
    {
      "title": "Will route to error page",
      "fullTitle": "Page not found error Will route to error page",
      "timedOut": false,
      "duration": 8,
      "state": "passed",
      "speed": "fast",
      "pass": true,
      "fail": false,
      "pending": false,
      "code": "request(app).get('/unknown_page').expect(200, done);",
      "err": {},
      "isRoot": false,
      "uuid": "f013a497-74a9-4918-b200-759e3db4cf10",
      "parentUUID": "a9518b58-d0b5-45ad-bacc-03328739416f",
      "isHook": false,
      "skipped": false
    }
  ],
  "allFailures": [],
  "copyrightYear": 2017
}